Client 0 received: Order received and being processed.

Client 0 received: Order 0 is prepared by cook 5

Client 0 received: Delivery person 0 delivering order 0 over a distance of 13.45 km

Client 0 received: Your order is delivered.

Client 0 received: Order received and being processed.

Client 2 received: Order received and being processed.

Client 1 received: Order received and being processed.

Client 31 received: Order received and being processed.

Client 44 received: Order received and being processed.

Client 48 received: Order received and being processed.

Client 7 received: Order received and being processed.

Client 45 received: Order received and being processed.

Client 41 received: Order received and being processed.

Client 32 received: Order received and being processed.

Client 10 received: Order received and being processed.

Client 3 received: Order received and being processed.

Client 4 received: Order received and being processed.

Client 11 received: Order received and being processed.

Client 9 received: Order received and being processed.

Client 6 received: Order received and being processed.

Client 12 received: Order received and being processed.

Client 5 received: Order received and being processed.

Client 15 received: Order received and being processed.

Client 18 received: Order received and being processed.

Client 24 received: Order received and being processed.

Client 13 received: Order received and being processed.

Client 26 received: Order received and being processed.

Client 14 received: Order received and being processed.

Client 2 received: Order 1 is prepared by cook 4

Client 17 received: Order received and being processed.

Client 23 received: Order received and being processed.

Client 16 received: Order received and being processed.

Client 19 received: Order received and being processed.

Client 29 received: Order received and being processed.

Client 0 received: Order 0 is prepared by cook 3

Client 1 received: Order 2 is prepared by cook 5

Client 28 received: Order received and being processed.

Client 21 received: Order received and being processed.

Client 42 received: Order received and being processed.

Client 25 received: Order received and being processed.

Client 27 received: Order received and being processed.

Client 48 received: Order 5 is prepared by cook 1

Client 20 received: Order received and being processed.

Client 22 received: Order received and being processed.

Client 46 received: Order received and being processed.

Client 40 received: Order received and being processed.

Client 38 received: Order received and being processed.

Client 30 received: Order received and being processed.

Client 37 received: Order received and being processed.

Client 34 received: Order received and being processed.

Client 39 received: Order received and being processed.

Client 43 received: Order received and being processed.

Client 48 received: Delivery person 0 delivering order 5 over a distance of 14.42 km

Client 44 received: Order 4 is prepared by cook 0

Client 35 received: Order received and being processed.

Client 31 received: Order 6 is prepared by cook 2

Client 49 received: Order received and being processed.

Client 33 received: Order received and being processed.

Client 8 received: Order received and being processed.

Client 36 received: Order received and being processed.

Client 47 received: Order received and being processed.

Client 43 received: Order 39 is prepared by cook 5

Client 22 received: Order 38 is prepared by cook 4

Client 0 received: Delivery person 1 delivering order 0 over a distance of 8.25 km

Client 39 received: Order 37 is prepared by cook 3

Client 36 received: Order 48 is prepared by cook 4

Client 8 received: Order 47 is prepared by cook 2

Client 25 received: Order 36 is prepared by cook 1

Client 47 received: Order 49 is prepared by cook 5

Client 49 received: Order 44 is prepared by cook 4

Client 35 received: Order 45 is prepared by cook 3

Client 47 received: Delivery person 2 delivering order 49 over a distance of 10.00 km

Client 37 received: Order 43 is prepared by cook 2

Client 38 received: Order 42 is prepared by cook 1

Client 40 received: Order 41 is prepared by cook 5

Client 33 received: Order 46 is prepared by cook 0

Client 42 received: Order 35 is prepared by cook 3

Client 46 received: Order 40 is prepared by cook 4

Client 33 received: Delivery person 3 delivering order 46 over a distance of 11.66 km

Client 27 received: Order 34 is prepared by cook 2

Client 20 received: Order 33 is prepared by cook 1

Client 34 received: Order 31 is prepared by cook 0

Client 30 received: Order 30 is prepared by cook 4

Client 28 received: Order 29 is prepared by cook 3

Client 29 received: Order 28 is prepared by cook 2

Client 21 received: Order 32 is prepared by cook 5

Client 19 received: Order 26 is prepared by cook 0

Client 14 received: Order 25 is prepared by cook 4

Client 16 received: Order 27 is prepared by cook 1

Client 17 received: Order 23 is prepared by cook 2

Client 26 received: Order 22 is prepared by cook 5

Client 18 received: Order 18 is prepared by cook 0

Client 13 received: Order 19 is prepared by cook 1

Client 23 received: Order 24 is prepared by cook 3

Client 15 received: Order 21 is prepared by cook 4

Client 12 received: Order 15 is prepared by cook 1

Client 6 received: Order 16 is prepared by cook 0

Client 24 received: Order 20 is prepared by cook 2

Client 5 received: Order 17 is prepared by cook 5

Client 4 received: Order 13 is prepared by cook 4

Client 11 received: Order 11 is prepared by cook 0

Client 9 received: Order 14 is prepared by cook 3

Client 10 received: Order 10 is prepared by cook 2

Client 3 received: Order 12 is prepared by cook 1

Client 41 received: Order 8 is prepared by cook 4

Client 32 received: Order 9 is prepared by cook 5

Client 7 received: Order 3 is prepared by cook 3

Client 45 received: Order 7 is prepared by cook 0

Client 0 received: Your order is delivered.

Client 22 received: Delivery person 1 delivering order 38 over a distance of 10.44 km

Client 47 received: Your order is delivered.

Client 49 received: Delivery person 2 delivering order 44 over a distance of 12.37 km

Client 33 received: Your order is delivered.

Client 46 received: Delivery person 3 delivering order 40 over a distance of 5.39 km

Client 48 received: Your order is delivered.

Client 1 received: Delivery person 0 delivering order 2 over a distance of 8.49 km

Client 46 received: Your order is delivered.

Client 42 received: Delivery person 3 delivering order 35 over a distance of 11.40 km

Client 22 received: Your order is delivered.

Client 39 received: Delivery person 1 delivering order 37 over a distance of 5.00 km

Client 35 received: Delivery person 2 delivering order 45 over a distance of 9.85 km

Client 49 received: Your order is delivered.

Client 1 received: Your order is delivered.

Client 2 received: Delivery person 0 delivering order 1 over a distance of 14.87 km

Client 39 received: Your order is delivered.

Client 36 received: Delivery person 1 delivering order 48 over a distance of 4.12 km

Client 36 received: Your order is delivered.

Client 8 received: Delivery person 1 delivering order 47 over a distance of 11.00 km

Client 42 received: Your order is delivered.

Client 27 received: Delivery person 3 delivering order 34 over a distance of 7.00 km

Client 37 received: Delivery person 2 delivering order 43 over a distance of 8.54 km

Client 35 received: Your order is delivered.

Client 27 received: Your order is delivered.

Client 20 received: Delivery person 3 delivering order 33 over a distance of 13.00 km

Client 2 received: Your order is delivered.

Client 31 received: Delivery person 0 delivering order 6 over a distance of 11.31 km

Client 8 received: Your order is delivered.

Client 25 received: Delivery person 1 delivering order 36 over a distance of 8.25 km

Client 38 received: Delivery person 2 delivering order 42 over a distance of 9.22 km

Client 37 received: Your order is delivered.

Client 25 received: Your order is delivered.

Client 21 received: Delivery person 1 delivering order 32 over a distance of 9.85 km

Client 20 received: Your order is delivered.

Client 34 received: Delivery person 3 delivering order 31 over a distance of 2.24 km

Client 31 received: Your order is delivered.

Client 44 received: Delivery person 0 delivering order 4 over a distance of 7.00 km

Client 38 received: Your order is delivered.

Client 40 received: Delivery person 2 delivering order 41 over a distance of 5.10 km

Client 34 received: Your order is delivered.

Client 29 received: Delivery person 3 delivering order 28 over a distance of 12.00 km

Client 40 received: Your order is delivered.

Client 9 received: Delivery person 2 delivering order 14 over a distance of 11.66 km

Client 44 received: Your order is delivered.

Client 43 received: Delivery person 0 delivering order 39 over a distance of 7.81 km

Client 21 received: Your order is delivered.

Client 30 received: Delivery person 1 delivering order 30 over a distance of 14.21 km

Client 29 received: Your order is delivered.

Client 16 received: Delivery person 3 delivering order 27 over a distance of 14.42 km

Client 43 received: Your order is delivered.

Client 14 received: Delivery person 0 delivering order 25 over a distance of 5.66 km

Client 9 received: Your order is delivered.

Client 4 received: Delivery person 2 delivering order 13 over a distance of 4.12 km

Client 14 received: Your order is delivered.

Client 23 received: Delivery person 0 delivering order 24 over a distance of 14.21 km

Client 30 received: Your order is delivered.

Client 28 received: Delivery person 1 delivering order 29 over a distance of 9.49 km

Client 4 received: Your order is delivered.

Client 3 received: Delivery person 2 delivering order 12 over a distance of 2.83 km

Client 3 received: Your order is delivered.

Client 15 received: Delivery person 2 delivering order 21 over a distance of 6.08 km

Client 16 received: Your order is delivered.

Client 19 received: Delivery person 3 delivering order 26 over a distance of 7.81 km

Client 15 received: Your order is delivered.

Client 24 received: Delivery person 2 delivering order 20 over a distance of 11.18 km

Client 28 received: Your order is delivered.

Client 45 received: Delivery person 1 delivering order 7 over a distance of 6.40 km

Client 23 received: Your order is delivered.

Client 17 received: Delivery person 0 delivering order 23 over a distance of 8.49 km

Client 19 received: Your order is delivered.

Client 18 received: Delivery person 3 delivering order 18 over a distance of 13.45 km

Client 45 received: Your order is delivered.

Client 7 received: Delivery person 1 delivering order 3 over a distance of 13.04 km

Client 24 received: Your order is delivered.

Client 13 received: Delivery person 2 delivering order 19 over a distance of 7.07 km

Client 17 received: Your order is delivered.

Client 12 received: Delivery person 0 delivering order 15 over a distance of 2.24 km

Client 12 received: Your order is delivered.

Client 11 received: Delivery person 0 delivering order 11 over a distance of 1.00 km

Client 11 received: Your order is delivered.

Client 10 received: Delivery person 0 delivering order 10 over a distance of 10.00 km

Client 13 received: Your order is delivered.

Client 32 received: Delivery person 2 delivering order 9 over a distance of 8.94 km

Client 18 received: Your order is delivered.

Client 5 received: Delivery person 3 delivering order 17 over a distance of 9.06 km

Client 7 received: Your order is delivered.

Client 26 received: Delivery person 1 delivering order 22 over a distance of 11.18 km

Client 10 received: Your order is delivered.

Client 41 received: Delivery person 2 delivering order 8 over a distance of 6.08 km

Client 32 received: Your order is delivered.

Client 5 received: Your order is delivered.

Client 6 received: Delivery person 3 delivering order 16 over a distance of 12.17 km

Client 26 received: Your order is delivered.

Client 41 received: Your order is delivered.

Client 6 received: Your order is delivered.

Client 2 received: Order received and being processed.

Client 5 received: Order received and being processed.

Client 8 received: Order received and being processed.

Client 32 received: Order received and being processed.

Client 28 received: Order received and being processed.

Client 12 received: Order received and being processed.

Client 9 received: Order received and being processed.

Client 31 received: Order received and being processed.

Client 0 received: Order received and being processed.

Client 43 received: Order received and being processed.

Client 1 received: Order received and being processed.

Client 4 received: Order received and being processed.

Client 14 received: Order received and being processed.

Client 11 received: Order received and being processed.

Client 30 received: Order received and being processed.

Client 29 received: Order received and being processed.

Client 3 received: Order received and being processed.

Client 24 received: Order received and being processed.

Client 7 received: Order received and being processed.

Client 6 received: Order received and being processed.

Client 10 received: Order received and being processed.

Client 44 received: Order received and being processed.

Client 49 received: Order received and being processed.

Client 16 received: Order received and being processed.

Client 19 received: Order received and being processed.

Client 20 received: Order received and being processed.

Client 25 received: Order received and being processed.

Client 38 received: Order received and being processed.

Client 46 received: Order received and being processed.

Client 40 received: Order received and being processed.

Client 22 received: Order received and being processed.

Client 18 received: Order received and being processed.

Client 34 received: Order received and being processed.

Client 39 received: Order received and being processed.

Client 21 received: Order received and being processed.

Client 48 received: Order received and being processed.

Client 35 received: Order received and being processed.

Client 27 received: Order received and being processed.

Client 26 received: Order received and being processed.

Client 41 received: Order received and being processed.

Client 13 received: Order received and being processed.

Client 23 received: Order received and being processed.

Client 36 received: Order received and being processed.

Client 15 received: Order received and being processed.

Client 42 received: Order received and being processed.

Client 45 received: Order received and being processed.

Client 47 received: Order received and being processed.

Client 17 received: Order received and being processed.

Client 33 received: Order received and being processed.

Client 37 received: Order received and being processed.

Client 24 received: Order 17 is prepared by cook 2

Client 3 received: Order 16 is prepared by cook 1

Client 7 received: Order 18 is prepared by cook 3

Client 24 received: Delivery person 0 delivering order 17 over a distance of 7.21 km

Client 29 received: Order 15 is prepared by cook 0

Client 6 received: Order 19 is prepared by cook 4

Client 2 received: Order 0 is prepared by cook 5

Client 37 received: Order 49 is prepared by cook 2

Client 33 received: Order 48 is prepared by cook 3

Client 42 received: Order 46 is prepared by cook 5

Client 37 received: Delivery person 1 delivering order 49 over a distance of 5.00 km

Client 47 received: Order 45 is prepared by cook 4

Client 45 received: Order 47 is prepared by cook 1

Client 17 received: Order 44 is prepared by cook 0

Client 15 received: Order 43 is prepared by cook 2

Client 48 received: Order 39 is prepared by cook 1

Client 23 received: Order 41 is prepared by cook 5

Client 15 received: Delivery person 2 delivering order 43 over a distance of 8.25 km

Client 35 received: Order 37 is prepared by cook 2

Client 13 received: Order 40 is prepared by cook 4

Client 36 received: Order 42 is prepared by cook 3

Client 21 received: Order 36 is prepared by cook 1

Client 41 received: Order 38 is prepared by cook 0

Client 26 received: Order 35 is prepared by cook 5

Client 21 received: Delivery person 3 delivering order 36 over a distance of 11.18 km

Client 34 received: Order 34 is prepared by cook 4

Client 22 received: Order 32 is prepared by cook 3

Client 18 received: Order 31 is prepared by cook 1

Client 39 received: Order 29 is prepared by cook 0

Client 27 received: Order 33 is prepared by cook 2

Client 20 received: Order 26 is prepared by cook 1

Client 25 received: Order 27 is prepared by cook 3

Client 49 received: Order 23 is prepared by cook 1

Client 19 received: Order 25 is prepared by cook 0

Client 38 received: Order 28 is prepared by cook 4

Client 40 received: Order 30 is prepared by cook 5

Client 30 received: Order 14 is prepared by cook 1

Client 11 received: Order 13 is prepared by cook 0

Client 16 received: Order 24 is prepared by cook 2

Client 14 received: Order 12 is prepared by cook 1

Client 46 received: Order 21 is prepared by cook 4

Client 10 received: Order 20 is prepared by cook 3

Client 44 received: Order 22 is prepared by cook 5

Client 9 received: Order 9 is prepared by cook 1

Client 43 received: Order 10 is prepared by cook 2

Client 31 received: Order 8 is prepared by cook 3

Client 4 received: Order 11 is prepared by cook 0

Client 12 received: Order 7 is prepared by cook 4

Client 1 received: Order 5 is prepared by cook 1

Client 28 received: Order 6 is prepared by cook 5

Client 0 received: Order 4 is prepared by cook 3

Client 32 received: Order 3 is prepared by cook 2

Client 8 received: Order 2 is prepared by cook 0

Client 5 received: Order 1 is prepared by cook 5

Client 37 received: Your order is delivered.

Client 33 received: Delivery person 1 delivering order 48 over a distance of 9.85 km

Client 3 received: Delivery person 0 delivering order 16 over a distance of 8.94 km

Client 24 received: Your order is delivered.

Client 15 received: Your order is delivered.

Client 48 received: Delivery person 2 delivering order 39 over a distance of 6.71 km

Client 21 received: Your order is delivered.

Client 41 received: Delivery person 3 delivering order 38 over a distance of 7.28 km

Client 33 received: Your order is delivered.

Client 42 received: Delivery person 1 delivering order 46 over a distance of 12.53 km

Client 48 received: Your order is delivered.

Client 23 received: Delivery person 2 delivering order 41 over a distance of 2.00 km

Client 3 received: Your order is delivered.

Client 7 received: Delivery person 0 delivering order 18 over a distance of 9.85 km

Client 13 received: Delivery person 2 delivering order 40 over a distance of 12.81 km

Client 23 received: Your order is delivered.

Client 26 received: Delivery person 3 delivering order 35 over a distance of 8.06 km

Client 41 received: Your order is delivered.

Client 7 received: Your order is delivered.

Client 6 received: Delivery person 0 delivering order 19 over a distance of 7.07 km

Client 26 received: Your order is delivered.

Client 34 received: Delivery person 3 delivering order 34 over a distance of 4.24 km

Client 42 received: Your order is delivered.

Client 13 received: Your order is delivered.

Client 34 received: Your order is delivered.

Client 6 received: Your order is delivered.

Client 3 received: Order received and being processed.

Client 8 received: Order received and being processed.

Client 18 received: Order received and being processed.

Client 19 received: Order received and being processed.

Client 10 received: Order received and being processed.

Client 24 received: Order received and being processed.

Client 15 received: Order received and being processed.

Client 42 received: Order received and being processed.

Client 41 received: Order received and being processed.

Client 1 received: Order received and being processed.

Client 0 received: Order received and being processed.

Client 37 received: Order received and being processed.

Client 43 received: Order received and being processed.

Client 44 received: Order received and being processed.

Client 46 received: Order received and being processed.

Client 6 received: Order received and being processed.

Client 45 received: Order received and being processed.

Client 11 received: Order received and being processed.

Client 9 received: Order received and being processed.

Client 47 received: Order received and being processed.

Client 38 received: Order received and being processed.

Client 14 received: Order received and being processed.

Client 2 received: Order received and being processed.

Client 40 received: Order received and being processed.

Client 31 received: Order received and being processed.

Client 26 received: Order received and being processed.

Client 27 received: Order received and being processed.

Client 25 received: Order received and being processed.

Client 30 received: Order received and being processed.

Client 29 received: Order received and being processed.

Client 21 received: Order received and being processed.

Client 7 received: Order received and being processed.

Client 5 received: Order received and being processed.

Client 12 received: Order received and being processed.

Client 13 received: Order received and being processed.

Client 35 received: Order received and being processed.

Client 36 received: Order received and being processed.

Client 34 received: Order received and being processed.

Client 32 received: Order received and being processed.

Client 39 received: Order received and being processed.

Client 22 received: Order received and being processed.

Client 4 received: Order received and being processed.

Client 23 received: Order received and being processed.

Client 33 received: Order received and being processed.

Client 16 received: Order received and being processed.

Client 20 received: Order received and being processed.

Client 17 received: Order received and being processed.

Client 48 received: Order received and being processed.

Client 28 received: Order received and being processed.

Client 49 received: Order received and being processed.

Client 22 received: Order 89 is prepared by cook 3

Client 25 received: Order 87 is prepared by cook 1

Client 22 received: Delivery person 0 delivering order 89 over a distance of 12.04 km

Client 29 received: Order 86 is prepared by cook 0

Client 40 received: Order 90 is prepared by cook 4

Client 49 received: Order 98 is prepared by cook 1

Client 28 received: Order 99 is prepared by cook 3

Client 3 received: Order 50 is prepared by cook 5

Client 27 received: Order 88 is prepared by cook 2

Client 48 received: Order 97 is prepared by cook 0

Client 20 received: Order 96 is prepared by cook 4

Client 3 received: Delivery person 1 delivering order 50 over a distance of 13.42 km

Client 17 received: Order 95 is prepared by cook 1

Client 39 received: Order 85 is prepared by cook 0

Client 4 received: Order 91 is prepared by cook 2

Client 33 received: Order 93 is prepared by cook 4

Client 16 received: Order 94 is prepared by cook 5

Client 23 received: Order 92 is prepared by cook 3

Client 26 received: Order 82 is prepared by cook 0

Client 30 received: Order 83 is prepared by cook 1

Client 31 received: Order 84 is prepared by cook 2

Client 39 received: Delivery person 2 delivering order 85 over a distance of 4.00 km

Client 2 received: Order 80 is prepared by cook 5

Client 9 received: Order 78 is prepared by cook 2

Client 47 received: Order 81 is prepared by cook 4

Client 21 received: Order 76 is prepared by cook 0

Client 16 received: Delivery person 3 delivering order 94 over a distance of 9.49 km

Client 7 received: Order 79 is prepared by cook 3

Client 11 received: Order 77 is prepared by cook 1

Client 34 received: Order 73 is prepared by cook 2

Client 35 received: Order 74 is prepared by cook 4

Client 45 received: Order 71 is prepared by cook 3

Client 6 received: Order 70 is prepared by cook 1

Client 36 received: Order 75 is prepared by cook 5

Client 41 received: Order 69 is prepared by cook 2

Client 38 received: Order 72 is prepared by cook 0

Client 43 received: Order 67 is prepared by cook 4

Client 32 received: Order 66 is prepared by cook 3

Client 46 received: Order 64 is prepared by cook 2

Client 42 received: Order 68 is prepared by cook 5

Client 44 received: Order 65 is prepared by cook 1

Client 37 received: Order 63 is prepared by cook 0

Client 24 received: Order 59 is prepared by cook 5

Client 12 received: Order 62 is prepared by cook 4

Client 14 received: Order 61 is prepared by cook 3

Client 19 received: Order 58 is prepared by cook 1

Client 15 received: Order 60 is prepared by cook 2

Client 18 received: Order 57 is prepared by cook 0

Client 13 received: Order 55 is prepared by cook 4

Client 0 received: Order 56 is prepared by cook 5

Client 10 received: Order 52 is prepared by cook 1

Client 5 received: Order 51 is prepared by cook 0

Client 8 received: Order 53 is prepared by cook 2

Client 1 received: Order 54 is prepared by cook 3

Client 39 received: Your order is delivered.

Client 33 received: Delivery person 2 delivering order 93 over a distance of 9.00 km

Client 2 received: Delivery person 3 delivering order 80 over a distance of 5.39 km

Client 16 received: Your order is delivered.

Client 22 received: Your order is delivered.

Client 25 received: Delivery person 0 delivering order 87 over a distance of 11.40 km

Client 33 received: Your order is delivered.

Client 23 received: Delivery person 2 delivering order 92 over a distance of 8.60 km

Client 3 received: Your order is delivered.

Client 28 received: Delivery person 1 delivering order 99 over a distance of 9.43 km

Client 2 received: Your order is delivered.

Client 9 received: Delivery person 3 delivering order 78 over a distance of 12.81 km

Client 23 received: Your order is delivered.

Client 31 received: Delivery person 2 delivering order 84 over a distance of 8.54 km

Client 28 received: Your order is delivered.

Client 48 received: Delivery person 1 delivering order 97 over a distance of 8.49 km

Client 25 received: Your order is delivered.

Client 29 received: Delivery person 0 delivering order 86 over a distance of 13.45 km

Client 9 received: Your order is delivered.

Client 47 received: Delivery person 3 delivering order 81 over a distance of 14.42 km

Client 31 received: Your order is delivered.

Client 30 received: Delivery person 2 delivering order 83 over a distance of 10.00 km

Client 48 received: Your order is delivered.

Client 20 received: Delivery person 1 delivering order 96 over a distance of 6.00 km

Client 29 received: Your order is delivered.

Client 40 received: Delivery person 0 delivering order 90 over a distance of 12.37 km

Client 20 received: Your order is delivered.

Client 17 received: Delivery person 1 delivering order 95 over a distance of 7.21 km

Client 30 received: Your order is delivered.

Client 26 received: Delivery person 2 delivering order 82 over a distance of 5.00 km

Client 21 received: Delivery person 3 delivering order 76 over a distance of 10.44 km

Client 47 received: Your order is delivered.

Client 17 received: Your order is delivered.

Client 4 received: Delivery person 1 delivering order 91 over a distance of 9.22 km

Client 26 received: Your order is delivered.

Client 36 received: Delivery person 2 delivering order 75 over a distance of 2.00 km

Client 36 received: Your order is delivered.

Client 35 received: Delivery person 2 delivering order 74 over a distance of 6.71 km

Client 49 received: Delivery person 0 delivering order 98 over a distance of 6.00 km

Client 40 received: Your order is delivered.

Client 7 received: Delivery person 3 delivering order 79 over a distance of 9.43 km

Client 21 received: Your order is delivered.

Client 4 received: Your order is delivered.

Client 42 received: Delivery person 1 delivering order 68 over a distance of 7.81 km

Client 35 received: Your order is delivered.

Client 34 received: Delivery person 2 delivering order 73 over a distance of 1.41 km

Client 49 received: Your order is delivered.

Client 27 received: Delivery person 0 delivering order 88 over a distance of 14.42 km

Client 34 received: Your order is delivered.

Client 6 received: Delivery person 2 delivering order 70 over a distance of 12.81 km

Client 42 received: Your order is delivered.

Client 43 received: Delivery person 1 delivering order 67 over a distance of 7.81 km

Client 7 received: Your order is delivered.

Client 37 received: Delivery person 3 delivering order 63 over a distance of 5.66 km

Client 37 received: Your order is delivered.

Client 12 received: Delivery person 3 delivering order 62 over a distance of 10.63 km

Client 6 received: Your order is delivered.

Client 41 received: Delivery person 2 delivering order 69 over a distance of 4.24 km

Client 43 received: Your order is delivered.

Client 32 received: Delivery person 1 delivering order 66 over a distance of 12.37 km

Client 27 received: Your order is delivered.

Client 11 received: Delivery person 0 delivering order 77 over a distance of 14.21 km

Client 41 received: Your order is delivered.

Client 44 received: Delivery person 2 delivering order 65 over a distance of 9.22 km

Client 12 received: Your order is delivered.

Client 14 received: Delivery person 3 delivering order 61 over a distance of 2.24 km

Client 14 received: Your order is delivered.

Client 13 received: Delivery person 3 delivering order 55 over a distance of 12.21 km

Client 32 received: Your order is delivered.

Client 46 received: Delivery person 1 delivering order 64 over a distance of 5.83 km

Client 19 received: Delivery person 2 delivering order 58 over a distance of 1.41 km

Client 44 received: Your order is delivered.

Client 19 received: Your order is delivered.

Client 18 received: Delivery person 2 delivering order 57 over a distance of 12.37 km

Client 11 received: Your order is delivered.

Client 38 received: Delivery person 0 delivering order 72 over a distance of 12.17 km

Client 15 received: Delivery person 1 delivering order 60 over a distance of 6.71 km

Client 46 received: Your order is delivered.

Client 13 received: Your order is delivered.

Client 1 received: Delivery person 3 delivering order 54 over a distance of 6.40 km

Client 24 received: Delivery person 1 delivering order 59 over a distance of 13.45 km

Client 15 received: Your order is delivered.

Client 18 received: Your order is delivered.

Client 0 received: Delivery person 2 delivering order 56 over a distance of 12.08 km

Client 38 received: Your order is delivered.

Client 45 received: Delivery person 0 delivering order 71 over a distance of 8.00 km

Client 1 received: Your order is delivered.

Client 8 received: Delivery person 3 delivering order 53 over a distance of 12.53 km

Client 45 received: Your order is delivered.

Client 10 received: Delivery person 0 delivering order 52 over a distance of 10.63 km

Client 0 received: Your order is delivered.

Client 24 received: Your order is delivered.

Client 8 received: Your order is delivered.

Client 10 received: Your order is delivered.

Client 5 received: Delivery person 0 delivering order 51 over a distance of 7.07 km

Client 5 received: Your order is delivered.

Client 0 received: Order received and being processed.

Client 0 received: Order 0 is prepared by cook 5
Delivery person 0 delivering order 0 over a distance of 13.00 km

Client 0 received: Your order is delivered.

Client 0 received: Order received and being processed.

Client 7 received: Order received and being processed.

Client 4 received: Order received and being processed.

Client 1 received: Order received and being processed.

Client 9 received: Order received and being processed.

Client 10 received: Order received and being processed.

Client 11 received: Order received and being processed.

Client 8 received: Order received and being processed.

Client 5 received: Order received and being processed.

Client 7 received: Order 4 is prepared by cook 5

Client 3 received: Order received and being processed.

Client 6 received: Order received and being processed.

Client 2 received: Order received and being processed.

Client 11 received: Order 6 is prepared by cook 0

Client 1 received: Order 1 is prepared by cook 2

Client 4 received: Order 3 is prepared by cook 4

Client 10 received: Order 7 is prepared by cook 1

Client 3 received: Order 10 is prepared by cook 5

Client 0 received: Order 2 is prepared by cook 3

Client 2 received: Order 12 is prepared by cook 0

Client 7 received: Delivery person 0 delivering order 4 over a distance of 1.41 km

Client 10 received: Delivery person 1 delivering order 7 over a distance of 8.00 km

Client 6 received: Order 11 is prepared by cook 5

Client 9 received: Order 5 is prepared by cook 2

Client 5 received: Order 9 is prepared by cook 4

Client 8 received: Order 8 is prepared by cook 3

Client 1 received: Delivery person 2 delivering order 1 over a distance of 8.94 km

Client 7 received: Your order is delivered.

Client 11 received: Delivery person 0 delivering order 6 over a distance of 12.17 km

Client 10 received: Your order is delivered.

Client 4 received: Delivery person 1 delivering order 3 over a distance of 4.00 km

Client 1 received: Your order is delivered.

Client 2 received: Delivery person 2 delivering order 12 over a distance of 12.17 km

Client 4 received: Your order is delivered.

Client 0 received: Delivery person 1 delivering order 2 over a distance of 9.06 km

Client 11 received: Your order is delivered.

Client 3 received: Delivery person 0 delivering order 10 over a distance of 12.04 km

Client 0 received: Your order is delivered.

Client 9 received: Delivery person 1 delivering order 5 over a distance of 12.04 km

Client 2 received: Your order is delivered.

Client 3 received: Your order is delivered.

Client 6 received: Delivery person 0 delivering order 11 over a distance of 12.53 km

Client 9 received: Your order is delivered.

Client 6 received: Your order is delivered.

Client 5 received: Delivery person 0 delivering order 9 over a distance of 7.07 km

Client 5 received: Your order is delivered.

Client 8 received: Delivery person 0 delivering order 8 over a distance of 6.71 km

Client 8 received: Your order is delivered.

Client 0 received: Order received and being processed.

Client 6 received: Order received and being processed.

Client 1 received: Order received and being processed.

Client 11 received: Order received and being processed.

Client 8 received: Order received and being processed.

Client 5 received: Order received and being processed.

Client 9 received: Order received and being processed.

Client 3 received: Order received and being processed.

Client 4 received: Order received and being processed.

Client 10 received: Order received and being processed.

Client 2 received: Order received and being processed.

Client 0 received: Order 13 is prepared by cook 5

Client 9 received: Order 19 is prepared by cook 1

Client 7 received: Order received and being processed.

Client 5 received: Order 18 is prepared by cook 0

Client 10 received: Order 22 is prepared by cook 4

Client 4 received: Order 20 is prepared by cook 2

Client 3 received: Order 21 is prepared by cook 3

Client 9 received: Delivery person 1 delivering order 19 over a distance of 12.73 km

Client 10 received: Delivery person 0 delivering order 22 over a distance of 9.43 km

Client 2 received: Order 23 is prepared by cook 4

Client 6 received: Order 15 is prepared by cook 1

Client 1 received: Order 14 is prepared by cook 0

Client 8 received: Order 17 is prepared by cook 3

Client 11 received: Order 16 is prepared by cook 2

Client 7 received: Order 24 is prepared by cook 5

Client 10 received: Your order is delivered.

Client 3 received: Delivery person 0 delivering order 21 over a distance of 11.40 km

Client 9 received: Your order is delivered.

Client 5 received: Delivery person 1 delivering order 18 over a distance of 11.18 km

Client 3 received: Your order is delivered.

Client 4 received: Delivery person 0 delivering order 20 over a distance of 10.30 km

Client 5 received: Your order is delivered.

Client 0 received: Delivery person 1 delivering order 13 over a distance of 3.61 km

Client 0 received: Your order is delivered.

Client 8 received: Delivery person 1 delivering order 17 over a distance of 13.60 km

Client 4 received: Your order is delivered.

Client 2 received: Delivery person 0 delivering order 23 over a distance of 6.00 km

Client 2 received: Your order is delivered.

Client 6 received: Delivery person 0 delivering order 15 over a distance of 10.05 km

Client 8 received: Your order is delivered.

Client 11 received: Delivery person 1 delivering order 16 over a distance of 10.00 km

Client 6 received: Your order is delivered.

Client 1 received: Delivery person 0 delivering order 14 over a distance of 12.17 km

Client 11 received: Your order is delivered.

Client 7 received: Delivery person 1 delivering order 24 over a distance of 9.43 km

Client 1 received: Your order is delivered.

Client 7 received: Your order is delivered.

Client 2 received: Order received and being processed.

Client 1 received: Order received and being processed.

Client 4 received: Order received and being processed.

Client 5 received: Order received and being processed.

Client 0 received: Order received and being processed.

Client 8 received: Order received and being processed.

Client 6 received: Order received and being processed.

Client 3 received: Order received and being processed.

Client 7 received: Order received and being processed.

Client 9 received: Order received and being processed.

Client 10 received: Order received and being processed.

Client 11 received: Order received and being processed.

Client 6 received: Order 32 is prepared by cook 4

Client 3 received: Order 30 is prepared by cook 2

Client 4 received: Order 28 is prepared by cook 1

Client 6 received: Delivery person 0 delivering order 32 over a distance of 6.08 km

Client 8 received: Order 31 is prepared by cook 3

Client 11 received: Order 36 is prepared by cook 4

Client 2 received: Order 27 is prepared by cook 0

Client 5 received: Order 29 is prepared by cook 5

Client 10 received: Order 35 is prepared by cook 2

Client 9 received: Order 34 is prepared by cook 1

Client 5 received: Delivery person 1 delivering order 29 over a distance of 13.45 km

Client 7 received: Order 33 is prepared by cook 5

Client 1 received: Order 26 is prepared by cook 4

Client 0 received: Order 25 is prepared by cook 3

Client 6 received: Your order is delivered.

Client 3 received: Delivery person 0 delivering order 30 over a distance of 4.12 km

Client 3 received: Your order is delivered.

Client 4 received: Delivery person 0 delivering order 28 over a distance of 11.40 km

Client 5 received: Your order is delivered.

Client 2 received: Delivery person 1 delivering order 27 over a distance of 7.62 km

Client 2 received: Your order is delivered.

Client 9 received: Delivery person 1 delivering order 34 over a distance of 2.83 km

Client 4 received: Your order is delivered.

Client 11 received: Delivery person 0 delivering order 36 over a distance of 10.30 km

Client 9 received: Your order is delivered.

Client 7 received: Delivery person 1 delivering order 33 over a distance of 12.04 km

Client 11 received: Your order is delivered.

Client 10 received: Delivery person 0 delivering order 35 over a distance of 3.16 km

Client 10 received: Your order is delivered.

Client 8 received: Delivery person 0 delivering order 31 over a distance of 12.21 km

Client 7 received: Your order is delivered.

Client 1 received: Delivery person 1 delivering order 26 over a distance of 5.39 km

Client 1 received: Your order is delivered.

Client 0 received: Delivery person 1 delivering order 25 over a distance of 15.00 km

Client 8 received: Your order is delivered.

Client 0 received: Your order is delivered.

Client 0 received: Order received and being processed.

Client 1 received: Order received and being processed.

Client 4 received: Order received and being processed.

Client 2 received: Order received and being processed.

Client 6 received: Order received and being processed.

Client 7 received: Order received and being processed.

Client 3 received: Order received and being processed.

Client 11 received: Order received and being processed.

Client 5 received: Order received and being processed.

Client 1 received: Order 38 is prepared by cook 4

Client 8 received: Order received and being processed.

Client 10 received: Order received and being processed.

Client 4 received: Order 39 is prepared by cook 2

Client 9 received: Order received and being processed.

Client 8 received: Order 46 is prepared by cook 2

Client 2 received: Order 40 is prepared by cook 3

Client 10 received: Order 47 is prepared by cook 4

Client 1 received: Delivery person 0 delivering order 38 over a distance of 11.18 km

Client 0 received: Order 37 is prepared by cook 5

Client 11 received: Order 45 is prepared by cook 0

Client 6 received: Order 43 is prepared by cook 1

Client 5 received: Order 44 is prepared by cook 3

Client 9 received: Order 48 is prepared by cook 2

Client 2 received: Delivery person 1 delivering order 40 over a distance of 10.00 km

Client 7 received: Order 42 is prepared by cook 4

Client 3 received: Order 41 is prepared by cook 5

Client 9 received: 

All orders are not delivered since order is cancelled.

Client 2 received: Your order is delivered.

Client 1 received: Your order is delivered.

