Cook 5 is preparing order 2
Order 2 assigned to cook 5.
Cook 4 is preparing order 1
Order 1 assigned to cook 4.
Order 0 assigned to cook 3.
Cook 3 is preparing order 0
Order 3 assigned to cook 2.
Cook 2 is preparing order 3
Cook 4 is taking an apparatus
Cook 4 is taking the oven opening
Cook 4 is putting an apparatus back
Cook 4 is putting the oven opening back
Cook 4 is putting order 1 in the oven
Cook 4 is removing order 1 from the oven
Cook 4 finished cooking order 1
Cook 4 is putting an apparatus back
Cook 4 is putting the oven opening for removal back
Total prepared orders: 1/5
Cook 5 is taking an apparatus
Cook 5 is taking the oven opening
Cook 5 is putting an apparatus back
Cook 5 is putting the oven opening back
Order 4 assigned to cook 4.
Cook 5 is putting order 2 in the oven
Cook 4 is preparing order 4
Order 1 added to delivery person 0's bag.
Cook 5 is removing order 2 from the oven
Cook 5 finished cooking order 2
Cook 3 is taking an apparatus
Cook 3 is taking the oven opening
Cook 5 is putting an apparatus back
Cook 3 is putting an apparatus back
Cook 3 is putting the oven opening back
Cook 3 is putting order 0 in the oven
Cook 5 is putting the oven opening for removal back
Total prepared orders: 2/5
Order 2 added to delivery person 0's bag.
Cook 3 is removing order 0 from the oven
Cook 3 finished cooking order 0
Cook 3 is putting an apparatus back
Cook 3 is putting the oven opening for removal back
Total prepared orders: 3/5
Delivery person 0 is ready to deliver orders.
Order 1 is delivered by delivery person 0
Delivery person 0 delivering order 1 over a distance of 11.18 km
Cook 2 is taking an apparatus
Cook 2 is taking the oven opening
Cook 4 is taking an apparatus
Cook 2 is putting an apparatus back
Cook 4 is waiting for the oven opening
Cook 2 is putting the oven opening back
Cook 2 is putting order 3 in the oven
Cook 4 is taking the oven opening
Cook 4 is putting an apparatus back
Cook 4 is putting the oven opening back
Cook 4 is putting order 4 in the oven
Cook 4 is removing order 4 from the oven
Cook 4 finished cooking order 4
Cook 4 is putting an apparatus back
Cook 4 is putting the oven opening for removal back
Total prepared orders: 4/5
Cook 2 is removing order 3 from the oven
Cook 2 finished cooking order 3
Cook 2 is putting an apparatus back
Cook 2 is putting the oven opening for removal back
Total prepared orders: 5/5
Order 4 added to delivery person 0's bag.
Order 3 added to delivery person 0's bag.
Order 2 is delivered by delivery person 0
Delivery person 0 delivering order 2 over a distance of 7.00 km
Order 0 is delivered by delivery person 0
Delivery person 0 delivering order 0 over a distance of 13.00 km
Total delivered orders: 3/5
Order 4 is delivered by delivery person 0
Delivery person 0 delivering order 4 over a distance of 10.30 km
Order 3 is delivered by delivery person 0
Delivery person 0 delivering order 3 over a distance of 10.63 km
Total delivered orders: 5/5
All orders are delivered.
Let's look at statistics!
Cook Statistics:
Cook 0 cooked 0 orders
Cook 1 cooked 0 orders
Cook 2 cooked 1 orders
Cook 3 cooked 1 orders
Cook 4 cooked 2 orders
Cook 5 cooked 1 orders
Delivery Person 0 delivered 5 orders and earned 100.00 TL
Delivery Person 1 delivered 0 orders and earned 0.00 TL
Delivery Person 2 delivered 0 orders and earned 0.00 TL
Delivery Person 3 delivered 0 orders and earned 0.00 TL
Total orders: 5
Total prepared orders: 5
Total delivered orders: 5
Thanks our best cook-4 has cooked 2 orders
Thanks our best delivery person-0 has delivered 5 orders
Client disconnected
Client disconnected
Cook 1 exiting...
Cook 0 exiting...
Delivery person 1 exiting...
Cook 2 exiting...
Cook 3 exiting...
Cook 4 exiting...
Cook 5 exiting...
Delivery person 3 exiting...
Delivery person 0 exiting...
Delivery person 2 exiting...
Order 1 assigned to cook 5.
Order 0 assigned to cook 4.
Cook 5 is preparing order 1
Order 2 assigned to cook 3.
Cook 4 is preparing order 0
Order 3 assigned to cook 2.
Order 4 assigned to cook 1.
Cook 2 is preparing order 3
Cook 1 is preparing order 4
Cook 3 is preparing order 2
Cook 5 is taking an apparatus
Cook 5 is taking the oven opening
Cook 5 is putting an apparatus back
Cook 5 is putting the oven opening back
Cook 5 is putting order 1 in the oven
Cook 5 is removing order 1 from the oven
Cook 5 finished cooking order 1
Cook 5 is putting an apparatus back
Cook 5 is putting the oven opening for removal back
Total prepared orders: 1/5
Cook 3 is taking an apparatus
Order 1 added to delivery person 0's bag.
Cook 1 is taking an apparatus
Cook 3 is taking the oven opening
Cook 3 is putting an apparatus back
Cook 1 is waiting for the oven opening
Cook 3 is putting the oven opening back
Cook 3 is putting order 2 in the oven
Cook 1 is taking the oven opening
Cook 1 is putting an apparatus back
Cook 1 is putting the oven opening back
Cook 1 is putting order 4 in the oven
Cook 4 is taking an apparatus
Cook 4 is taking the oven opening
Cook 2 is taking an apparatus
Cook 2 is waiting for the oven opening
Cook 1 is removing order 4 from the oven
Cook 1 finished cooking order 4
Cook 3 is waiting for an apparatus
Cook 1 is putting an apparatus back
Cook 1 is putting the oven opening for removal back
Total prepared orders: 2/5
Cook 3 is removing order 2 from the oven
Cook 4 is putting an apparatus back
Cook 3 finished cooking order 2
Cook 4 is putting the oven opening back
Cook 3 is putting an apparatus back
Cook 2 is taking the oven opening
Cook 4 is putting order 0 in the oven
Order 4 added to delivery person 0's bag.
Cook 3 is putting the oven opening for removal back
Cook 2 is putting an apparatus back
Cook 2 is putting the oven opening back
Cook 2 is putting order 3 in the oven
Total prepared orders: 3/5
Cook 2 is waiting for the oven opening for removing
Cook 4 is removing order 0 from the oven
Cook 4 finished cooking order 0
Cook 4 is putting an apparatus back
Cook 4 is putting the oven opening for removal back
Cook 2 is removing order 3 from the oven
Cook 2 finished cooking order 3
Cook 2 is putting an apparatus back
Cook 2 is putting the oven opening for removal back
Total prepared orders: 4/5
Total prepared orders: 5/5
Order 1 is delivered by delivery person 0
Delivery person 0 delivering order 1 over a distance of 8.25 km
Order 2 added to delivery person 0's bag.
Order 0 added to delivery person 0's bag.
Delivery person 0 is ready to deliver orders.
Order 4 is delivered by delivery person 0
Delivery person 0 delivering order 4 over a distance of 11.40 km
Order 2 is delivered by delivery person 0
Delivery person 0 delivering order 2 over a distance of 8.60 km
Total delivered orders: 3/5
Order 0 is delivered by delivery person 0
Delivery person 0 delivering order 0 over a distance of 10.63 km
Order 3 is delivered by delivery person 0
Delivery person 0 delivering order 3 over a distance of 2.24 km
Total delivered orders: 5/5
All orders are delivered.
Let's look at statistics!
Cook Statistics:
Cook 0 cooked 0 orders
Cook 1 cooked 1 orders
Cook 2 cooked 1 orders
Cook 3 cooked 1 orders
Cook 4 cooked 1 orders
Cook 5 cooked 1 orders
Delivery Person 0 delivered 5 orders and earned 100.00 TL
Delivery Person 1 delivered 0 orders and earned 0.00 TL
Delivery Person 2 delivered 0 orders and earned 0.00 TL
Delivery Person 3 delivered 0 orders and earned 0.00 TL
Total orders: 5
Total prepared orders: 5
Total delivered orders: 5
Thanks our best cook-1 has cooked 1 orders
Thanks our best delivery person-0 has delivered 5 orders
Client disconnected
Client disconnected
Cook 5 is preparing order 5
Order 5 assigned to cook 5.
Cook 4 is preparing order 6
Order 6 assigned to cook 4.
Order 8 assigned to cook 3.
Cook 3 is preparing order 8
Order 7 assigned to cook 2.
Cook 2 is preparing order 7
Cook 5 is taking an apparatus
Cook 5 is taking the oven opening
Cook 5 is putting an apparatus back
Cook 5 is putting the oven opening back
Cook 5 is putting order 5 in the oven
Cook 1 is preparing order 9
Cook 5 is removing order 5 from the oven
Cook 5 finished cooking order 5
Order 9 assigned to cook 1.
Cook 5 is putting an apparatus back
Cook 5 is putting the oven opening for removal back
Total prepared orders: 6/10
Order 5 added to delivery person 0's bag.
Cook 4 is taking an apparatus
Cook 4 is taking the oven opening
Cook 4 is putting an apparatus back
Cook 4 is putting the oven opening back
Cook 4 is putting order 6 in the oven
Cook 4 is removing order 6 from the oven
Cook 4 finished cooking order 6
Cook 4 is putting an apparatus back
Cook 4 is putting the oven opening for removal back
Total prepared orders: 7/10
Order 6 added to delivery person 0's bag.
Cook 2 is taking an apparatus
Cook 2 is taking the oven opening
Cook 2 is putting an apparatus back
Cook 2 is putting the oven opening back
Cook 2 is putting order 7 in the oven
Cook 2 is removing order 7 from the oven
Cook 2 finished cooking order 7
Cook 2 is putting an apparatus back
Cook 2 is putting the oven opening for removal back
Total prepared orders: 8/10
Delivery person 0 is ready to deliver orders.
Order 5 is delivered by delivery person 0
Delivery person 0 delivering order 5 over a distance of 10.30 km
Cook 1 is taking an apparatus
Cook 1 is taking the oven opening
Cook 1 is putting an apparatus back
Cook 1 is putting the oven opening back
Cook 1 is putting order 9 in the oven
Cook 1 is removing order 9 from the oven
Cook 1 finished cooking order 9
Cook 1 is putting an apparatus back
Cook 1 is putting the oven opening for removal back
Total prepared orders: 9/10
Order 9 added to delivery person 0's bag.
Cook 3 is taking an apparatus
Cook 3 is taking the oven opening
Cook 3 is putting an apparatus back
Cook 3 is putting the oven opening back
Cook 3 is putting order 8 in the oven
Cook 3 is removing order 8 from the oven
Cook 3 finished cooking order 8
Cook 3 is putting an apparatus back
Cook 3 is putting the oven opening for removal back
Total prepared orders: 10/10
Order 8 added to delivery person 0's bag.
Order 6 is delivered by delivery person 0
Delivery person 0 delivering order 6 over a distance of 8.06 km
Order 7 is delivered by delivery person 0
Delivery person 0 delivering order 7 over a distance of 5.83 km
Total delivered orders: 8/10
Order 9 is delivered by delivery person 0
Delivery person 0 delivering order 9 over a distance of 10.82 km
Order 8 is delivered by delivery person 0
Delivery person 0 delivering order 8 over a distance of 15.00 km
Total delivered orders: 10/10
All orders are delivered.
Let's look at statistics!
Cook Statistics:
Cook 0 cooked 0 orders
Cook 1 cooked 1 orders
Cook 2 cooked 1 orders
Cook 3 cooked 1 orders
Cook 4 cooked 1 orders
Cook 5 cooked 1 orders
Delivery Person 0 delivered 5 orders and earned 100.00 TL
Delivery Person 1 delivered 0 orders and earned 0.00 TL
Delivery Person 2 delivered 0 orders and earned 0.00 TL
Delivery Person 3 delivered 0 orders and earned 0.00 TL
Total orders: 10
Total prepared orders: 10
Total delivered orders: 10
Thanks our best cook-1 has cooked 1 orders
Thanks our best delivery person-0 has delivered 5 orders
Client disconnected
Client disconnected
Cook 1 exiting...
Cook 2 exiting...
Cook 4 exiting...
Delivery person 0 exiting...
Delivery person 2 exiting...
Cook 0 exiting...
Cook 5 exiting...
Cook 3 exiting...
Delivery person 3 exiting...
Delivery person 1 exiting...
